{
  "RSpec": {
    "coverage": {
      "/Users/lev/Documents/CS/Rails/ase/6m/sixmapp/config/environment.rb": [
        null,
        1,
        null,
        null,
        1
      ],
      "/Users/lev/Documents/CS/Rails/ase/6m/sixmapp/config/application.rb": [
        1,
        null,
        null,
        1,
        1,
        1,
        1,
        null,
        null,
        null,
        null,
        1,
        null,
        1,
        1,
        1,
        1,
        1,
        null,
        null,
        null,
        null,
        null,
        null,
        null,
        null,
        null,
        null,
        null,
        null,
        null
      ],
      "/Users/lev/Documents/CS/Rails/ase/6m/sixmapp/config/boot.rb": [
        null,
        1,
        null,
        1
      ],
      "/Users/lev/Documents/CS/Rails/ase/6m/sixmapp/config/environments/test.rb": [
        1,
        null,
        null,
        null,
        null,
        null,
        null,
        1,
        null,
        null,
        null,
        null,
        1,
        null,
        null,
        1,
        1,
        null,
        null,
        1,
        1,
        null,
        null,
        1,
        null,
        null,
        1,
        null,
        null,
        null,
        null,
        1,
        null,
        null,
        1,
        null
      ],
      "/Users/lev/Documents/CS/Rails/ase/6m/sixmapp/config/initializers/backtrace_silencers.rb": [
        null,
        null,
        null,
        null,
        null,
        null,
        null
      ],
      "/Users/lev/Documents/CS/Rails/ase/6m/sixmapp/config/initializers/filter_parameter_logging.rb": [
        null,
        null,
        null,
        1
      ],
      "/Users/lev/Documents/CS/Rails/ase/6m/sixmapp/config/initializers/inflections.rb": [
        null,
        null,
        null,
        null,
        null,
        null,
        null,
        null,
        null,
        null,
        null,
        null,
        null,
        null,
        null,
        null
      ],
      "/Users/lev/Documents/CS/Rails/ase/6m/sixmapp/config/initializers/mime_types.rb": [
        null,
        null,
        null,
        null,
        null
      ],
      "/Users/lev/Documents/CS/Rails/ase/6m/sixmapp/config/initializers/omniauth.rb": [
        1,
        1,
        null
      ],
      "/Users/lev/Documents/CS/Rails/ase/6m/sixmapp/config/initializers/secret_token.rb": [
        null,
        null,
        null,
        null,
        null,
        null,
        null,
        null,
        null,
        null,
        null,
        1
      ],
      "/Users/lev/Documents/CS/Rails/ase/6m/sixmapp/config/initializers/session_store.rb": [
        null,
        null,
        1
      ],
      "/Users/lev/Documents/CS/Rails/ase/6m/sixmapp/config/initializers/setup_mail.rb": [
        1,
        0,
        0,
        null
      ],
      "/Users/lev/Documents/CS/Rails/ase/6m/sixmapp/config/initializers/wrap_parameters.rb": [
        null,
        null,
        null,
        null,
        null,
        null,
        1,
        1,
        null,
        null,
        null,
        null,
        null,
        null
      ],
      "/Users/lev/Documents/CS/Rails/ase/6m/sixmapp/config/routes.rb": [
        1,
        null,
        1,
        null,
        1,
        null,
        null,
        1,
        1,
        1,
        null,
        1,
        1,
        1,
        1,
        1,
        null,
        null,
        null,
        1,
        1,
        1,
        1,
        1,
        1,
        1,
        1,
        null,
        null,
        1,
        null,
        1,
        null,
        1,
        null,
        1,
        null
      ],
      "/Users/lev/Documents/CS/Rails/ase/6m/sixmapp/app/helpers/application_helper.rb": [
        1,
        null
      ],
      "/Users/lev/Documents/CS/Rails/ase/6m/sixmapp/spec/support/fake_sessions_controller.rb": [
        1,
        1,
        0,
        0,
        null,
        null
      ],
      "/Users/lev/Documents/CS/Rails/ase/6m/sixmapp/app/controllers/application_controller.rb": [
        1,
        null,
        null,
        1,
        1,
        1,
        null,
        1,
        16,
        null,
        null,
        1,
        4,
        null,
        1,
        null,
        1,
        0,
        null,
        null,
        1,
        0,
        null,
        null,
        1,
        0,
        null,
        null,
        1,
        0,
        null,
        null,
        1,
        0,
        null,
        null,
        null,
        null,
        1,
        24,
        20,
        0,
        null,
        null,
        4,
        null,
        null,
        null
      ],
      "/Users/lev/Documents/CS/Rails/ase/6m/sixmapp/spec/support/sign_in_helper.rb": [
        1,
        1,
        19,
        null,
        19,
        19,
        null,
        19,
        19,
        64,
        null,
        null,
        null,
        null,
        1,
        19,
        null,
        null,
        null,
        1,
        1,
        null
      ],
      "/Users/lev/Documents/CS/Rails/ase/6m/sixmapp/spec/support/vcr.rb": [
        1,
        1,
        1,
        null
      ],
      "/Users/lev/Documents/CS/Rails/ase/6m/sixmapp/app/controllers/searches_controller.rb": [
        1,
        1,
        null,
        1,
        2,
        null,
        null,
        1,
        1,
        1,
        null,
        null,
        1,
        2,
        null,
        null,
        1,
        null,
        null,
        1,
        6,
        null,
        6,
        6,
        8,
        4,
        null,
        4,
        2,
        null,
        null,
        null,
        null,
        1,
        5,
        5,
        4,
        2,
        null,
        6,
        3,
        null,
        null,
        null,
        null,
        1,
        2,
        2,
        4,
        2,
        null,
        null,
        null,
        1,
        null,
        1,
        9,
        null,
        null,
        null,
        1,
        11,
        null,
        null
      ],
      "/Users/lev/Documents/CS/Rails/ase/6m/sixmapp/spec/controllers/sessions_controller_spec.rb": [
        1,
        null,
        1,
        null,
        null,
        null,
        null,
        null,
        null,
        null,
        1,
        1,
        1,
        null,
        null,
        null,
        null,
        null,
        null,
        null,
        1,
        null,
        0,
        0,
        0,
        null,
        null,
        1,
        1,
        null,
        null,
        null,
        null,
        null,
        null,
        1,
        1,
        0,
        0,
        null,
        null,
        1,
        1,
        null,
        null,
        null,
        null,
        null,
        null,
        1,
        1,
        0,
        null,
        null,
        null
      ],
      "/Users/lev/Documents/CS/Rails/ase/6m/sixmapp/app/controllers/sessions_controller.rb": [
        1,
        null,
        1,
        1,
        0,
        null,
        null,
        1,
        3,
        null,
        null,
        null,
        3,
        0,
        0,
        null,
        0,
        0,
        null,
        null,
        null,
        1,
        0,
        0,
        0,
        null,
        null,
        null
      ],
      "/Users/lev/Documents/CS/Rails/ase/6m/sixmapp/spec/controllers/stream_controller_spec.rb": [
        1,
        null,
        1,
        null,
        null
      ],
      "/Users/lev/Documents/CS/Rails/ase/6m/sixmapp/app/controllers/stream_controller.rb": [
        1,
        1,
        1,
        null,
        1,
        null,
        0,
        0,
        null,
        null,
        null,
        null,
        0,
        null,
        null,
        null,
        null,
        1,
        null,
        null,
        null
      ],
      "/Users/lev/Documents/CS/Rails/ase/6m/sixmapp/lib/stream_api.rb": [
        1,
        null,
        1,
        null,
        null,
        null,
        1,
        1,
        1,
        null,
        1,
        1,
        1,
        1,
        1,
        null,
        null,
        null,
        1,
        0,
        0,
        null,
        null,
        0,
        0,
        0,
        null,
        null,
        0,
        null,
        0,
        0,
        0,
        0,
        null,
        null,
        0,
        null,
        null,
        null,
        1,
        0,
        0,
        0,
        null,
        null,
        0,
        null,
        null,
        null,
        null,
        1,
        0,
        0,
        0,
        0,
        null,
        null,
        0,
        null,
        null,
        null,
        1,
        0,
        0,
        0,
        null,
        0,
        null,
        null,
        0,
        null,
        null,
        null,
        null
      ],
      "/Users/lev/Documents/CS/Rails/ase/6m/sixmapp/spec/controllers/users_controller_spec.rb": [
        1,
        null,
        null,
        null,
        null,
        null,
        null,
        null,
        null,
        null,
        null,
        null,
        null,
        null,
        null,
        null,
        null,
        null,
        null,
        null,
        1,
        null,
        null,
        null,
        null,
        1,
        null,
        null,
        0,
        null,
        null,
        null,
        null,
        1,
        null,
        1,
        null,
        null,
        null,
        null,
        null,
        null,
        null,
        null,
        null,
        null,
        null,
        null,
        null,
        null,
        null,
        null,
        null,
        null,
        null,
        null,
        null,
        null,
        null,
        null,
        null,
        null,
        null,
        null,
        null,
        null,
        null,
        null,
        null,
        null,
        null,
        null,
        null,
        null,
        null,
        null,
        null,
        null,
        null,
        null,
        null,
        null,
        null,
        null,
        null,
        null,
        null,
        null,
        null,
        null,
        null,
        null,
        null,
        null,
        null,
        null,
        null,
        null,
        null,
        null,
        null,
        null,
        null,
        null,
        null,
        null,
        null,
        null,
        null,
        null,
        null,
        null,
        null,
        null,
        null,
        null,
        null,
        null,
        null,
        null,
        null,
        null,
        null,
        null,
        null,
        null,
        null,
        null,
        null,
        null,
        null,
        null,
        null,
        null,
        null,
        null,
        null,
        null,
        null,
        null,
        null,
        null,
        null,
        null,
        null,
        null,
        null,
        null,
        null,
        null,
        null,
        null,
        null,
        null,
        null,
        null,
        null,
        null,
        null,
        null,
        null,
        null,
        null
      ],
      "/Users/lev/Documents/CS/Rails/ase/6m/sixmapp/app/controllers/users_controller.rb": [
        1,
        1,
        1,
        1,
        null,
        1,
        1,
        null,
        null,
        1,
        null,
        null,
        1,
        0,
        null,
        null,
        1,
        null,
        null,
        null,
        null,
        null,
        1,
        0,
        null,
        0,
        0,
        null,
        null,
        null,
        0,
        0,
        null,
        null,
        0,
        0,
        0,
        null,
        null,
        null,
        null,
        0,
        0,
        null,
        0,
        null,
        null,
        null,
        null,
        1,
        0,
        0,
        0,
        null,
        0,
        null,
        null,
        null,
        1,
        0,
        0,
        null,
        null,
        1,
        null,
        null,
        1,
        0,
        0,
        0,
        0,
        0,
        null,
        null,
        null,
        1,
        0,
        0,
        null,
        0,
        null,
        null,
        null,
        1,
        0,
        0,
        0,
        0,
        null,
        null,
        null,
        1,
        1,
        0,
        null,
        null,
        1,
        0,
        null,
        null,
        1,
        0,
        null,
        null
      ],
      "/Users/lev/Documents/CS/Rails/ase/6m/sixmapp/spec/features/authentication_spec.rb": [
        1,
        1,
        1,
        null,
        1,
        1,
        2,
        null,
        null,
        1,
        1,
        1,
        null,
        null,
        null,
        1,
        1,
        1,
        1,
        1,
        1,
        1,
        1,
        1,
        1,
        null,
        1,
        null,
        null,
        null,
        null,
        null,
        1,
        1,
        null,
        null,
        1,
        1,
        null,
        null,
        null,
        null,
        null,
        null,
        1,
        1,
        null,
        null,
        null
      ],
      "/Users/lev/Documents/CS/Rails/ase/6m/sixmapp/spec/features/search_twitter_spec.rb": [
        1,
        null,
        null,
        1,
        null,
        2,
        2,
        null,
        1,
        1,
        1,
        1,
        1,
        1,
        null,
        null,
        null,
        null,
        null,
        null,
        null
      ],
      "/Users/lev/Documents/CS/Rails/ase/6m/sixmapp/spec/features/view_homepage_spec.rb": [
        1,
        null,
        1,
        1,
        1,
        1,
        null,
        null
      ],
      "/Users/lev/Documents/CS/Rails/ase/6m/sixmapp/spec/models/search_spec.rb": [
        1,
        null,
        1,
        1,
        null
      ],
      "/Users/lev/Documents/CS/Rails/ase/6m/sixmapp/app/models/search.rb": [
        1,
        null
      ],
      "/Users/lev/Documents/CS/Rails/ase/6m/sixmapp/spec/models/user_spec.rb": [
        1,
        null,
        1,
        null,
        4,
        null,
        null,
        null,
        null,
        1,
        1,
        1,
        null,
        null,
        1,
        1,
        1,
        null,
        null,
        1,
        1,
        1,
        null,
        null,
        null
      ],
      "/Users/lev/Documents/CS/Rails/ase/6m/sixmapp/app/models/user.rb": [
        1,
        1,
        null,
        null,
        1,
        null,
        null,
        null,
        null,
        null,
        null,
        null,
        null,
        null,
        1,
        4,
        9,
        4,
        null,
        null,
        1,
        0,
        null,
        null,
        1,
        0,
        null,
        null,
        1,
        20,
        null,
        null,
        null,
        null,
        null,
        null,
        1,
        3,
        null,
        null,
        1,
        0,
        null,
        null,
        1,
        1,
        null,
        null,
        1,
        0,
        0,
        null,
        0,
        null,
        null,
        null,
        1,
        0,
        0,
        null,
        null,
        null,
        null,
        null,
        null,
        null,
        1,
        4,
        4,
        0,
        0,
        null,
        null,
        4,
        null,
        null,
        1,
        0,
        0,
        0,
        null,
        null,
        null,
        null,
        null
      ],
      "/Users/lev/Documents/CS/Rails/ase/6m/sixmapp/spec/requests/searches_spec.rb": [
        1,
        null,
        1,
        null,
        2,
        2,
        null,
        1,
        1,
        null,
        1,
        1,
        null,
        null,
        null
      ],
      "/Users/lev/Documents/CS/Rails/ase/6m/sixmapp/spec/requests/users_spec.rb": [
        1,
        null,
        1,
        null,
        2,
        2,
        null,
        1,
        1,
        null,
        1,
        1,
        null,
        null,
        null
      ],
      "/Users/lev/Documents/CS/Rails/ase/6m/sixmapp/spec/routing/searches_routing_spec.rb": [
        1,
        null,
        1,
        1,
        null,
        1,
        1,
        null,
        null,
        1,
        1,
        null,
        null,
        1,
        1,
        null,
        null,
        1,
        1,
        null,
        null,
        1,
        1,
        null,
        null,
        1,
        1,
        null,
        null,
        1,
        1,
        null,
        null,
        null,
        null
      ],
      "/Users/lev/Documents/CS/Rails/ase/6m/sixmapp/spec/routing/users_routing_spec.rb": [
        1,
        null,
        1,
        1,
        null,
        1,
        1,
        null,
        null,
        1,
        1,
        null,
        null,
        1,
        1,
        null,
        null,
        1,
        1,
        null,
        null,
        1,
        1,
        null,
        null,
        1,
        1,
        null,
        null,
        null,
        null,
        null
      ],
      "/Users/lev/Documents/CS/Rails/ase/6m/sixmapp/spec/services/search_results_spec.rb": [
        1,
        null,
        1,
        1,
        null
      ],
      "/Users/lev/Documents/CS/Rails/ase/6m/sixmapp/app/services/search_results.rb": [
        1,
        null,
        null
      ],
      "/Users/lev/Documents/CS/Rails/ase/6m/sixmapp/spec/services/tweet_formatter_spec.rb": [
        1,
        null,
        1,
        1,
        1,
        1,
        1,
        null,
        null,
        1,
        1,
        1,
        null,
        null,
        null
      ],
      "/Users/lev/Documents/CS/Rails/ase/6m/sixmapp/spec/views/searches/edit.html.haml_spec.rb": [
        1,
        null,
        1,
        1,
        1,
        null,
        null,
        null,
        null,
        null,
        null,
        null,
        null,
        1,
        1,
        null,
        null,
        1,
        1,
        1,
        1,
        1,
        1,
        null,
        null,
        null
      ],
      "/Users/lev/Documents/CS/Rails/ase/6m/sixmapp/spec/views/searches/index.html.haml_spec.rb": [
        1,
        null,
        1,
        1,
        1,
        null,
        null,
        null,
        null,
        null,
        null,
        null,
        null,
        null,
        null,
        null,
        null,
        null,
        null,
        null,
        null,
        null,
        1,
        1,
        null,
        1,
        1,
        1,
        1,
        1,
        null,
        null
      ],
      "/Users/lev/Documents/CS/Rails/ase/6m/sixmapp/spec/views/searches/new.html.haml_spec.rb": [
        1,
        null,
        1,
        1,
        1,
        null,
        null,
        null,
        null,
        null,
        null,
        null,
        null,
        1,
        1,
        null,
        null,
        1,
        1,
        1,
        1,
        1,
        1,
        null,
        null,
        null
      ],
      "/Users/lev/Documents/CS/Rails/ase/6m/sixmapp/spec/views/searches/show.html.haml_spec.rb": [
        1,
        null,
        1,
        1,
        1,
        null,
        null,
        null,
        null,
        null,
        null,
        1,
        1,
        null,
        null,
        1,
        1,
        null,
        1,
        1,
        1,
        1,
        1,
        null,
        null
      ],
      "/Users/lev/Documents/CS/Rails/ase/6m/sixmapp/spec/views/users/edit.html.haml_spec.rb": [
        1,
        null,
        1,
        1,
        1,
        null,
        null,
        null,
        null,
        null,
        null,
        1,
        null,
        null,
        null,
        null,
        null,
        null,
        null,
        null,
        null
      ],
      "/Users/lev/Documents/CS/Rails/ase/6m/sixmapp/spec/views/users/index.html.haml_spec.rb": [
        1,
        null,
        1,
        1,
        1,
        null,
        null,
        null,
        null,
        null,
        null,
        null,
        null,
        null,
        null,
        null,
        1,
        null,
        null,
        null,
        null,
        null,
        null
      ],
      "/Users/lev/Documents/CS/Rails/ase/6m/sixmapp/spec/views/users/show.html.haml_spec.rb": [
        1,
        null,
        1,
        null,
        null,
        null,
        null,
        null,
        null,
        null,
        null,
        null,
        null,
        null,
        null,
        null,
        null,
        null
      ],
      "/Users/lev/Documents/CS/Rails/ase/6m/sixmapp/app/models/broadcast_message.rb": [
        1,
        1,
        1,
        1,
        1,
        null,
        1,
        0,
        0,
        0,
        null,
        0,
        null,
        null,
        1,
        0,
        0,
        null,
        null,
        1,
        0,
        0,
        null,
        null
      ],
      "/Users/lev/Documents/CS/Rails/ase/6m/sixmapp/app/services/twitter_service.rb": [
        1,
        1,
        1,
        1,
        1,
        1,
        1,
        1,
        null,
        null,
        null,
        1,
        1,
        null,
        null,
        1,
        null,
        null,
        null,
        null
      ],
      "/Users/lev/Documents/CS/Rails/ase/6m/sixmapp/app/controllers/site_controller.rb": [
        1,
        1,
        1,
        null,
        null,
        1,
        null,
        null
      ],
      "/Users/lev/Documents/CS/Rails/ase/6m/sixmapp/app/services/authentication_service.rb": [
        1,
        1,
        3,
        3,
        null,
        null,
        1,
        3,
        null,
        null,
        1,
        3,
        null,
        null,
        1,
        null,
        1,
        3,
        null,
        null,
        1,
        0,
        0,
        null,
        null,
        1,
        3,
        3,
        null,
        null,
        1,
        0,
        null,
        null
      ],
      "/Users/lev/Documents/CS/Rails/ase/6m/sixmapp/app/services/tweet_formatter.rb": [
        1,
        null,
        1,
        1,
        1,
        null,
        null,
        1,
        1,
        2,
        2,
        null,
        null,
        1,
        null,
        null
      ]
    },
    "timestamp": 1385492949
  }
}
